[  6%] Built target std_msgs_generate_messages_cpp
[  6%] Built target urg_node_gencfg
[ 18%] Built target urg_c_wrapper
[ 18%] Built target std_msgs_generate_messages_nodejs
[ 18%] Built target std_msgs_generate_messages_lisp
[ 18%] Built target std_msgs_generate_messages_py
[ 18%] Built target std_msgs_generate_messages_eus
[ 31%] Built target getID
[ 31%] Built target _urg_node_generate_messages_check_deps_Status
[ 37%] Built target urg_node_generate_messages_cpp
[ 50%] Built target urg_node_generate_messages_py
[ 56%] Built target urg_node_generate_messages_nodejs
[ 62%] Built target urg_node_generate_messages_lisp
[ 75%] Built target urg_node_generate_messages_eus
[ 75%] Built target urg_node_generate_messages
[ 75%] Built target urg_node_gencpp
[ 87%] Built target urg_node_driver
[ 93%] [32mBuilding CXX object CMakeFiles/urg_node.dir/src/urg_node.cpp.o[0m
[100%] [32m[1mLinking CXX executable /home/lo/igvc_ws/devel/.private/urg_node/lib/urg_node/urg_node[0m
[100%] Built target urg_node
