Linked: (/home/lo/igvc_ws/devel/.private/sick_scan/share/gennodejs/ros/sick_scan/_index.js, /home/lo/igvc_ws/devel/share/gennodejs/ros/sick_scan/_index.js)
Linked: (/home/lo/igvc_ws/devel/.private/sick_scan/share/gennodejs/ros/sick_scan/msg/RadarScan.js, /home/lo/igvc_ws/devel/share/gennodejs/ros/sick_scan/msg/RadarScan.js)
Linked: (/home/lo/igvc_ws/devel/.private/sick_scan/share/gennodejs/ros/sick_scan/msg/_index.js, /home/lo/igvc_ws/devel/share/gennodejs/ros/sick_scan/msg/_index.js)
Linked: (/home/lo/igvc_ws/devel/.private/sick_scan/share/gennodejs/ros/sick_scan/msg/LFErecFieldMsg.js, /home/lo/igvc_ws/devel/share/gennodejs/ros/sick_scan/msg/LFErecFieldMsg.js)
Linked: (/home/lo/igvc_ws/devel/.private/sick_scan/share/gennodejs/ros/sick_scan/msg/SickImu.js, /home/lo/igvc_ws/devel/share/gennodejs/ros/sick_scan/msg/SickImu.js)
Linked: (/home/lo/igvc_ws/devel/.private/sick_scan/share/gennodejs/ros/sick_scan/msg/RadarPreHeaderStatusBlock.js, /home/lo/igvc_ws/devel/share/gennodejs/ros/sick_scan/msg/RadarPreHeaderStatusBlock.js)
Linked: (/home/lo/igvc_ws/devel/.private/sick_scan/share/gennodejs/ros/sick_scan/msg/Encoder.js, /home/lo/igvc_ws/devel/share/gennodejs/ros/sick_scan/msg/Encoder.js)
Linked: (/home/lo/igvc_ws/devel/.private/sick_scan/share/gennodejs/ros/sick_scan/msg/RadarPreHeaderDeviceBlock.js, /home/lo/igvc_ws/devel/share/gennodejs/ros/sick_scan/msg/RadarPreHeaderDeviceBlock.js)
Linked: (/home/lo/igvc_ws/devel/.private/sick_scan/share/gennodejs/ros/sick_scan/msg/RadarPreHeaderEncoderBlock.js, /home/lo/igvc_ws/devel/share/gennodejs/ros/sick_scan/msg/RadarPreHeaderEncoderBlock.js)
Linked: (/home/lo/igvc_ws/devel/.private/sick_scan/share/gennodejs/ros/sick_scan/msg/RadarObject.js, /home/lo/igvc_ws/devel/share/gennodejs/ros/sick_scan/msg/RadarObject.js)
Linked: (/home/lo/igvc_ws/devel/.private/sick_scan/share/gennodejs/ros/sick_scan/msg/LFErecMsg.js, /home/lo/igvc_ws/devel/share/gennodejs/ros/sick_scan/msg/LFErecMsg.js)
Linked: (/home/lo/igvc_ws/devel/.private/sick_scan/share/gennodejs/ros/sick_scan/msg/LIDoutputstateMsg.js, /home/lo/igvc_ws/devel/share/gennodejs/ros/sick_scan/msg/LIDoutputstateMsg.js)
Linked: (/home/lo/igvc_ws/devel/.private/sick_scan/share/gennodejs/ros/sick_scan/msg/RadarPreHeaderMeasurementParam1Block.js, /home/lo/igvc_ws/devel/share/gennodejs/ros/sick_scan/msg/RadarPreHeaderMeasurementParam1Block.js)
Linked: (/home/lo/igvc_ws/devel/.private/sick_scan/share/gennodejs/ros/sick_scan/msg/RadarPreHeader.js, /home/lo/igvc_ws/devel/share/gennodejs/ros/sick_scan/msg/RadarPreHeader.js)
Linked: (/home/lo/igvc_ws/devel/.private/sick_scan/share/gennodejs/ros/sick_scan/srv/ColaMsgSrv.js, /home/lo/igvc_ws/devel/share/gennodejs/ros/sick_scan/srv/ColaMsgSrv.js)
Linked: (/home/lo/igvc_ws/devel/.private/sick_scan/share/gennodejs/ros/sick_scan/srv/_index.js, /home/lo/igvc_ws/devel/share/gennodejs/ros/sick_scan/srv/_index.js)
Linked: (/home/lo/igvc_ws/devel/.private/sick_scan/share/gennodejs/ros/sick_scan/srv/ECRChangeArrSrv.js, /home/lo/igvc_ws/devel/share/gennodejs/ros/sick_scan/srv/ECRChangeArrSrv.js)
Linked: (/home/lo/igvc_ws/devel/.private/sick_scan/share/gennodejs/ros/sick_scan/srv/LIDoutputstateSrv.js, /home/lo/igvc_ws/devel/share/gennodejs/ros/sick_scan/srv/LIDoutputstateSrv.js)
Linked: (/home/lo/igvc_ws/devel/.private/sick_scan/share/roseus/ros/sick_scan/manifest.l, /home/lo/igvc_ws/devel/share/roseus/ros/sick_scan/manifest.l)
Linked: (/home/lo/igvc_ws/devel/.private/sick_scan/share/roseus/ros/sick_scan/msg/RadarObject.l, /home/lo/igvc_ws/devel/share/roseus/ros/sick_scan/msg/RadarObject.l)
Linked: (/home/lo/igvc_ws/devel/.private/sick_scan/share/roseus/ros/sick_scan/msg/RadarPreHeaderDeviceBlock.l, /home/lo/igvc_ws/devel/share/roseus/ros/sick_scan/msg/RadarPreHeaderDeviceBlock.l)
Linked: (/home/lo/igvc_ws/devel/.private/sick_scan/share/roseus/ros/sick_scan/msg/RadarPreHeaderMeasurementParam1Block.l, /home/lo/igvc_ws/devel/share/roseus/ros/sick_scan/msg/RadarPreHeaderMeasurementParam1Block.l)
Linked: (/home/lo/igvc_ws/devel/.private/sick_scan/share/roseus/ros/sick_scan/msg/LFErecFieldMsg.l, /home/lo/igvc_ws/devel/share/roseus/ros/sick_scan/msg/LFErecFieldMsg.l)
Linked: (/home/lo/igvc_ws/devel/.private/sick_scan/share/roseus/ros/sick_scan/msg/Encoder.l, /home/lo/igvc_ws/devel/share/roseus/ros/sick_scan/msg/Encoder.l)
Linked: (/home/lo/igvc_ws/devel/.private/sick_scan/share/roseus/ros/sick_scan/msg/RadarPreHeaderEncoderBlock.l, /home/lo/igvc_ws/devel/share/roseus/ros/sick_scan/msg/RadarPreHeaderEncoderBlock.l)
Linked: (/home/lo/igvc_ws/devel/.private/sick_scan/share/roseus/ros/sick_scan/msg/SickImu.l, /home/lo/igvc_ws/devel/share/roseus/ros/sick_scan/msg/SickImu.l)
Linked: (/home/lo/igvc_ws/devel/.private/sick_scan/share/roseus/ros/sick_scan/msg/LFErecMsg.l, /home/lo/igvc_ws/devel/share/roseus/ros/sick_scan/msg/LFErecMsg.l)
Linked: (/home/lo/igvc_ws/devel/.private/sick_scan/share/roseus/ros/sick_scan/msg/RadarPreHeader.l, /home/lo/igvc_ws/devel/share/roseus/ros/sick_scan/msg/RadarPreHeader.l)
Linked: (/home/lo/igvc_ws/devel/.private/sick_scan/share/roseus/ros/sick_scan/msg/LIDoutputstateMsg.l, /home/lo/igvc_ws/devel/share/roseus/ros/sick_scan/msg/LIDoutputstateMsg.l)
Linked: (/home/lo/igvc_ws/devel/.private/sick_scan/share/roseus/ros/sick_scan/msg/RadarScan.l, /home/lo/igvc_ws/devel/share/roseus/ros/sick_scan/msg/RadarScan.l)
Linked: (/home/lo/igvc_ws/devel/.private/sick_scan/share/roseus/ros/sick_scan/msg/RadarPreHeaderStatusBlock.l, /home/lo/igvc_ws/devel/share/roseus/ros/sick_scan/msg/RadarPreHeaderStatusBlock.l)
Linked: (/home/lo/igvc_ws/devel/.private/sick_scan/share/roseus/ros/sick_scan/srv/ColaMsgSrv.l, /home/lo/igvc_ws/devel/share/roseus/ros/sick_scan/srv/ColaMsgSrv.l)
Linked: (/home/lo/igvc_ws/devel/.private/sick_scan/share/roseus/ros/sick_scan/srv/ECRChangeArrSrv.l, /home/lo/igvc_ws/devel/share/roseus/ros/sick_scan/srv/ECRChangeArrSrv.l)
Linked: (/home/lo/igvc_ws/devel/.private/sick_scan/share/roseus/ros/sick_scan/srv/LIDoutputstateSrv.l, /home/lo/igvc_ws/devel/share/roseus/ros/sick_scan/srv/LIDoutputstateSrv.l)
Linked: (/home/lo/igvc_ws/devel/.private/sick_scan/share/sick_scan/docs/SickScanConfig.wikidoc, /home/lo/igvc_ws/devel/share/sick_scan/docs/SickScanConfig.wikidoc)
Linked: (/home/lo/igvc_ws/devel/.private/sick_scan/share/sick_scan/docs/tf_dynConfig.dox, /home/lo/igvc_ws/devel/share/sick_scan/docs/tf_dynConfig.dox)
Linked: (/home/lo/igvc_ws/devel/.private/sick_scan/share/sick_scan/docs/SickScanConfig.dox, /home/lo/igvc_ws/devel/share/sick_scan/docs/SickScanConfig.dox)
Linked: (/home/lo/igvc_ws/devel/.private/sick_scan/share/sick_scan/docs/tf_dynConfig.wikidoc, /home/lo/igvc_ws/devel/share/sick_scan/docs/tf_dynConfig.wikidoc)
Linked: (/home/lo/igvc_ws/devel/.private/sick_scan/share/sick_scan/docs/SickScanConfig-usage.dox, /home/lo/igvc_ws/devel/share/sick_scan/docs/SickScanConfig-usage.dox)
Linked: (/home/lo/igvc_ws/devel/.private/sick_scan/share/sick_scan/docs/tf_dynConfig-usage.dox, /home/lo/igvc_ws/devel/share/sick_scan/docs/tf_dynConfig-usage.dox)
Linked: (/home/lo/igvc_ws/devel/.private/sick_scan/share/sick_scan/cmake/sick_scanConfig.cmake, /home/lo/igvc_ws/devel/share/sick_scan/cmake/sick_scanConfig.cmake)
Linked: (/home/lo/igvc_ws/devel/.private/sick_scan/share/sick_scan/cmake/sick_scan-msg-paths.cmake, /home/lo/igvc_ws/devel/share/sick_scan/cmake/sick_scan-msg-paths.cmake)
Linked: (/home/lo/igvc_ws/devel/.private/sick_scan/share/sick_scan/cmake/sick_scan-msg-extras.cmake, /home/lo/igvc_ws/devel/share/sick_scan/cmake/sick_scan-msg-extras.cmake)
Linked: (/home/lo/igvc_ws/devel/.private/sick_scan/share/sick_scan/cmake/sick_scanConfig-version.cmake, /home/lo/igvc_ws/devel/share/sick_scan/cmake/sick_scanConfig-version.cmake)
Linked: (/home/lo/igvc_ws/devel/.private/sick_scan/share/common-lisp/ros/sick_scan/msg/_package_Encoder.lisp, /home/lo/igvc_ws/devel/share/common-lisp/ros/sick_scan/msg/_package_Encoder.lisp)
Linked: (/home/lo/igvc_ws/devel/.private/sick_scan/share/common-lisp/ros/sick_scan/msg/_package.lisp, /home/lo/igvc_ws/devel/share/common-lisp/ros/sick_scan/msg/_package.lisp)
Linked: (/home/lo/igvc_ws/devel/.private/sick_scan/share/common-lisp/ros/sick_scan/msg/_package_SickImu.lisp, /home/lo/igvc_ws/devel/share/common-lisp/ros/sick_scan/msg/_package_SickImu.lisp)
Linked: (/home/lo/igvc_ws/devel/.private/sick_scan/share/common-lisp/ros/sick_scan/msg/RadarPreHeaderMeasurementParam1Block.lisp, /home/lo/igvc_ws/devel/share/common-lisp/ros/sick_scan/msg/RadarPreHeaderMeasurementParam1Block.lisp)
Linked: (/home/lo/igvc_ws/devel/.private/sick_scan/share/common-lisp/ros/sick_scan/msg/RadarScan.lisp, /home/lo/igvc_ws/devel/share/common-lisp/ros/sick_scan/msg/RadarScan.lisp)
Linked: (/home/lo/igvc_ws/devel/.private/sick_scan/share/common-lisp/ros/sick_scan/msg/_package_RadarPreHeader.lisp, /home/lo/igvc_ws/devel/share/common-lisp/ros/sick_scan/msg/_package_RadarPreHeader.lisp)
Linked: (/home/lo/igvc_ws/devel/.private/sick_scan/share/common-lisp/ros/sick_scan/msg/_package_RadarPreHeaderEncoderBlock.lisp, /home/lo/igvc_ws/devel/share/common-lisp/ros/sick_scan/msg/_package_RadarPreHeaderEncoderBlock.lisp)
Linked: (/home/lo/igvc_ws/devel/.private/sick_scan/share/common-lisp/ros/sick_scan/msg/_package_RadarScan.lisp, /home/lo/igvc_ws/devel/share/common-lisp/ros/sick_scan/msg/_package_RadarScan.lisp)
Linked: (/home/lo/igvc_ws/devel/.private/sick_scan/share/common-lisp/ros/sick_scan/msg/RadarPreHeaderDeviceBlock.lisp, /home/lo/igvc_ws/devel/share/common-lisp/ros/sick_scan/msg/RadarPreHeaderDeviceBlock.lisp)
Linked: (/home/lo/igvc_ws/devel/.private/sick_scan/share/common-lisp/ros/sick_scan/msg/SickImu.lisp, /home/lo/igvc_ws/devel/share/common-lisp/ros/sick_scan/msg/SickImu.lisp)
Linked: (/home/lo/igvc_ws/devel/.private/sick_scan/share/common-lisp/ros/sick_scan/msg/LIDoutputstateMsg.lisp, /home/lo/igvc_ws/devel/share/common-lisp/ros/sick_scan/msg/LIDoutputstateMsg.lisp)
Linked: (/home/lo/igvc_ws/devel/.private/sick_scan/share/common-lisp/ros/sick_scan/msg/RadarPreHeaderStatusBlock.lisp, /home/lo/igvc_ws/devel/share/common-lisp/ros/sick_scan/msg/RadarPreHeaderStatusBlock.lisp)
Linked: (/home/lo/igvc_ws/devel/.private/sick_scan/share/common-lisp/ros/sick_scan/msg/RadarPreHeader.lisp, /home/lo/igvc_ws/devel/share/common-lisp/ros/sick_scan/msg/RadarPreHeader.lisp)
Linked: (/home/lo/igvc_ws/devel/.private/sick_scan/share/common-lisp/ros/sick_scan/msg/_package_RadarPreHeaderStatusBlock.lisp, /home/lo/igvc_ws/devel/share/common-lisp/ros/sick_scan/msg/_package_RadarPreHeaderStatusBlock.lisp)
Linked: (/home/lo/igvc_ws/devel/.private/sick_scan/share/common-lisp/ros/sick_scan/msg/Encoder.lisp, /home/lo/igvc_ws/devel/share/common-lisp/ros/sick_scan/msg/Encoder.lisp)
Linked: (/home/lo/igvc_ws/devel/.private/sick_scan/share/common-lisp/ros/sick_scan/msg/_package_LIDoutputstateMsg.lisp, /home/lo/igvc_ws/devel/share/common-lisp/ros/sick_scan/msg/_package_LIDoutputstateMsg.lisp)
Linked: (/home/lo/igvc_ws/devel/.private/sick_scan/share/common-lisp/ros/sick_scan/msg/LFErecMsg.lisp, /home/lo/igvc_ws/devel/share/common-lisp/ros/sick_scan/msg/LFErecMsg.lisp)
Linked: (/home/lo/igvc_ws/devel/.private/sick_scan/share/common-lisp/ros/sick_scan/msg/_package_RadarPreHeaderDeviceBlock.lisp, /home/lo/igvc_ws/devel/share/common-lisp/ros/sick_scan/msg/_package_RadarPreHeaderDeviceBlock.lisp)
Linked: (/home/lo/igvc_ws/devel/.private/sick_scan/share/common-lisp/ros/sick_scan/msg/_package_LFErecFieldMsg.lisp, /home/lo/igvc_ws/devel/share/common-lisp/ros/sick_scan/msg/_package_LFErecFieldMsg.lisp)
Linked: (/home/lo/igvc_ws/devel/.private/sick_scan/share/common-lisp/ros/sick_scan/msg/LFErecFieldMsg.lisp, /home/lo/igvc_ws/devel/share/common-lisp/ros/sick_scan/msg/LFErecFieldMsg.lisp)
Linked: (/home/lo/igvc_ws/devel/.private/sick_scan/share/common-lisp/ros/sick_scan/msg/RadarPreHeaderEncoderBlock.lisp, /home/lo/igvc_ws/devel/share/common-lisp/ros/sick_scan/msg/RadarPreHeaderEncoderBlock.lisp)
Linked: (/home/lo/igvc_ws/devel/.private/sick_scan/share/common-lisp/ros/sick_scan/msg/_package_LFErecMsg.lisp, /home/lo/igvc_ws/devel/share/common-lisp/ros/sick_scan/msg/_package_LFErecMsg.lisp)
Linked: (/home/lo/igvc_ws/devel/.private/sick_scan/share/common-lisp/ros/sick_scan/msg/_package_RadarObject.lisp, /home/lo/igvc_ws/devel/share/common-lisp/ros/sick_scan/msg/_package_RadarObject.lisp)
Linked: (/home/lo/igvc_ws/devel/.private/sick_scan/share/common-lisp/ros/sick_scan/msg/RadarObject.lisp, /home/lo/igvc_ws/devel/share/common-lisp/ros/sick_scan/msg/RadarObject.lisp)
Linked: (/home/lo/igvc_ws/devel/.private/sick_scan/share/common-lisp/ros/sick_scan/msg/_package_RadarPreHeaderMeasurementParam1Block.lisp, /home/lo/igvc_ws/devel/share/common-lisp/ros/sick_scan/msg/_package_RadarPreHeaderMeasurementParam1Block.lisp)
Linked: (/home/lo/igvc_ws/devel/.private/sick_scan/share/common-lisp/ros/sick_scan/msg/sick_scan-msg.asd, /home/lo/igvc_ws/devel/share/common-lisp/ros/sick_scan/msg/sick_scan-msg.asd)
Linked: (/home/lo/igvc_ws/devel/.private/sick_scan/share/common-lisp/ros/sick_scan/srv/_package_ECRChangeArrSrv.lisp, /home/lo/igvc_ws/devel/share/common-lisp/ros/sick_scan/srv/_package_ECRChangeArrSrv.lisp)
Linked: (/home/lo/igvc_ws/devel/.private/sick_scan/share/common-lisp/ros/sick_scan/srv/_package.lisp, /home/lo/igvc_ws/devel/share/common-lisp/ros/sick_scan/srv/_package.lisp)
Linked: (/home/lo/igvc_ws/devel/.private/sick_scan/share/common-lisp/ros/sick_scan/srv/ColaMsgSrv.lisp, /home/lo/igvc_ws/devel/share/common-lisp/ros/sick_scan/srv/ColaMsgSrv.lisp)
Linked: (/home/lo/igvc_ws/devel/.private/sick_scan/share/common-lisp/ros/sick_scan/srv/_package_LIDoutputstateSrv.lisp, /home/lo/igvc_ws/devel/share/common-lisp/ros/sick_scan/srv/_package_LIDoutputstateSrv.lisp)
Linked: (/home/lo/igvc_ws/devel/.private/sick_scan/share/common-lisp/ros/sick_scan/srv/_package_ColaMsgSrv.lisp, /home/lo/igvc_ws/devel/share/common-lisp/ros/sick_scan/srv/_package_ColaMsgSrv.lisp)
Linked: (/home/lo/igvc_ws/devel/.private/sick_scan/share/common-lisp/ros/sick_scan/srv/sick_scan-srv.asd, /home/lo/igvc_ws/devel/share/common-lisp/ros/sick_scan/srv/sick_scan-srv.asd)
Linked: (/home/lo/igvc_ws/devel/.private/sick_scan/share/common-lisp/ros/sick_scan/srv/LIDoutputstateSrv.lisp, /home/lo/igvc_ws/devel/share/common-lisp/ros/sick_scan/srv/LIDoutputstateSrv.lisp)
Linked: (/home/lo/igvc_ws/devel/.private/sick_scan/share/common-lisp/ros/sick_scan/srv/ECRChangeArrSrv.lisp, /home/lo/igvc_ws/devel/share/common-lisp/ros/sick_scan/srv/ECRChangeArrSrv.lisp)
Linked: (/home/lo/igvc_ws/devel/.private/sick_scan/include/sick_scan/ColaMsgSrvResponse.h, /home/lo/igvc_ws/devel/include/sick_scan/ColaMsgSrvResponse.h)
Linked: (/home/lo/igvc_ws/devel/.private/sick_scan/include/sick_scan/SickScanConfig.h, /home/lo/igvc_ws/devel/include/sick_scan/SickScanConfig.h)
Linked: (/home/lo/igvc_ws/devel/.private/sick_scan/include/sick_scan/ECRChangeArrSrvRequest.h, /home/lo/igvc_ws/devel/include/sick_scan/ECRChangeArrSrvRequest.h)
Linked: (/home/lo/igvc_ws/devel/.private/sick_scan/include/sick_scan/ECRChangeArrSrvResponse.h, /home/lo/igvc_ws/devel/include/sick_scan/ECRChangeArrSrvResponse.h)
Linked: (/home/lo/igvc_ws/devel/.private/sick_scan/include/sick_scan/LFErecFieldMsg.h, /home/lo/igvc_ws/devel/include/sick_scan/LFErecFieldMsg.h)
Linked: (/home/lo/igvc_ws/devel/.private/sick_scan/include/sick_scan/RadarPreHeader.h, /home/lo/igvc_ws/devel/include/sick_scan/RadarPreHeader.h)
Linked: (/home/lo/igvc_ws/devel/.private/sick_scan/include/sick_scan/RadarPreHeaderStatusBlock.h, /home/lo/igvc_ws/devel/include/sick_scan/RadarPreHeaderStatusBlock.h)
Linked: (/home/lo/igvc_ws/devel/.private/sick_scan/include/sick_scan/Encoder.h, /home/lo/igvc_ws/devel/include/sick_scan/Encoder.h)
Linked: (/home/lo/igvc_ws/devel/.private/sick_scan/include/sick_scan/LFErecMsg.h, /home/lo/igvc_ws/devel/include/sick_scan/LFErecMsg.h)
Linked: (/home/lo/igvc_ws/devel/.private/sick_scan/include/sick_scan/tf_dynConfig.h, /home/lo/igvc_ws/devel/include/sick_scan/tf_dynConfig.h)
Linked: (/home/lo/igvc_ws/devel/.private/sick_scan/include/sick_scan/RadarPreHeaderMeasurementParam1Block.h, /home/lo/igvc_ws/devel/include/sick_scan/RadarPreHeaderMeasurementParam1Block.h)
Linked: (/home/lo/igvc_ws/devel/.private/sick_scan/include/sick_scan/RadarPreHeaderEncoderBlock.h, /home/lo/igvc_ws/devel/include/sick_scan/RadarPreHeaderEncoderBlock.h)
Linked: (/home/lo/igvc_ws/devel/.private/sick_scan/include/sick_scan/LIDoutputstateSrv.h, /home/lo/igvc_ws/devel/include/sick_scan/LIDoutputstateSrv.h)
Linked: (/home/lo/igvc_ws/devel/.private/sick_scan/include/sick_scan/LIDoutputstateMsg.h, /home/lo/igvc_ws/devel/include/sick_scan/LIDoutputstateMsg.h)
Linked: (/home/lo/igvc_ws/devel/.private/sick_scan/include/sick_scan/SickImu.h, /home/lo/igvc_ws/devel/include/sick_scan/SickImu.h)
Linked: (/home/lo/igvc_ws/devel/.private/sick_scan/include/sick_scan/LIDoutputstateSrvResponse.h, /home/lo/igvc_ws/devel/include/sick_scan/LIDoutputstateSrvResponse.h)
Linked: (/home/lo/igvc_ws/devel/.private/sick_scan/include/sick_scan/ColaMsgSrv.h, /home/lo/igvc_ws/devel/include/sick_scan/ColaMsgSrv.h)
Linked: (/home/lo/igvc_ws/devel/.private/sick_scan/include/sick_scan/RadarPreHeaderDeviceBlock.h, /home/lo/igvc_ws/devel/include/sick_scan/RadarPreHeaderDeviceBlock.h)
Linked: (/home/lo/igvc_ws/devel/.private/sick_scan/include/sick_scan/LIDoutputstateSrvRequest.h, /home/lo/igvc_ws/devel/include/sick_scan/LIDoutputstateSrvRequest.h)
Linked: (/home/lo/igvc_ws/devel/.private/sick_scan/include/sick_scan/ColaMsgSrvRequest.h, /home/lo/igvc_ws/devel/include/sick_scan/ColaMsgSrvRequest.h)
Linked: (/home/lo/igvc_ws/devel/.private/sick_scan/include/sick_scan/ECRChangeArrSrv.h, /home/lo/igvc_ws/devel/include/sick_scan/ECRChangeArrSrv.h)
Linked: (/home/lo/igvc_ws/devel/.private/sick_scan/include/sick_scan/RadarObject.h, /home/lo/igvc_ws/devel/include/sick_scan/RadarObject.h)
Linked: (/home/lo/igvc_ws/devel/.private/sick_scan/include/sick_scan/RadarScan.h, /home/lo/igvc_ws/devel/include/sick_scan/RadarScan.h)
Linked: (/home/lo/igvc_ws/devel/.private/sick_scan/lib/libsick_scan_lib.so, /home/lo/igvc_ws/devel/lib/libsick_scan_lib.so)
Linked: (/home/lo/igvc_ws/devel/.private/sick_scan/lib/sick_scan/sick_generic_caller, /home/lo/igvc_ws/devel/lib/sick_scan/sick_generic_caller)
Linked: (/home/lo/igvc_ws/devel/.private/sick_scan/lib/sick_scan/sick_scan_test, /home/lo/igvc_ws/devel/lib/sick_scan/sick_scan_test)
Linked: (/home/lo/igvc_ws/devel/.private/sick_scan/lib/sick_scan/radar_object_marker, /home/lo/igvc_ws/devel/lib/sick_scan/radar_object_marker)
Linked: (/home/lo/igvc_ws/devel/.private/sick_scan/lib/python3/dist-packages/sick_scan/__init__.py, /home/lo/igvc_ws/devel/lib/python3/dist-packages/sick_scan/__init__.py)
Linked: (/home/lo/igvc_ws/devel/.private/sick_scan/lib/python3/dist-packages/sick_scan/msg/_LFErecFieldMsg.py, /home/lo/igvc_ws/devel/lib/python3/dist-packages/sick_scan/msg/_LFErecFieldMsg.py)
Linked: (/home/lo/igvc_ws/devel/.private/sick_scan/lib/python3/dist-packages/sick_scan/msg/_SickImu.py, /home/lo/igvc_ws/devel/lib/python3/dist-packages/sick_scan/msg/_SickImu.py)
Linked: (/home/lo/igvc_ws/devel/.private/sick_scan/lib/python3/dist-packages/sick_scan/msg/_RadarPreHeaderEncoderBlock.py, /home/lo/igvc_ws/devel/lib/python3/dist-packages/sick_scan/msg/_RadarPreHeaderEncoderBlock.py)
Linked: (/home/lo/igvc_ws/devel/.private/sick_scan/lib/python3/dist-packages/sick_scan/msg/_RadarPreHeaderMeasurementParam1Block.py, /home/lo/igvc_ws/devel/lib/python3/dist-packages/sick_scan/msg/_RadarPreHeaderMeasurementParam1Block.py)
Linked: (/home/lo/igvc_ws/devel/.private/sick_scan/lib/python3/dist-packages/sick_scan/msg/_RadarPreHeaderStatusBlock.py, /home/lo/igvc_ws/devel/lib/python3/dist-packages/sick_scan/msg/_RadarPreHeaderStatusBlock.py)
Linked: (/home/lo/igvc_ws/devel/.private/sick_scan/lib/python3/dist-packages/sick_scan/msg/_LIDoutputstateMsg.py, /home/lo/igvc_ws/devel/lib/python3/dist-packages/sick_scan/msg/_LIDoutputstateMsg.py)
Linked: (/home/lo/igvc_ws/devel/.private/sick_scan/lib/python3/dist-packages/sick_scan/msg/_LFErecMsg.py, /home/lo/igvc_ws/devel/lib/python3/dist-packages/sick_scan/msg/_LFErecMsg.py)
Linked: (/home/lo/igvc_ws/devel/.private/sick_scan/lib/python3/dist-packages/sick_scan/msg/_RadarPreHeader.py, /home/lo/igvc_ws/devel/lib/python3/dist-packages/sick_scan/msg/_RadarPreHeader.py)
Linked: (/home/lo/igvc_ws/devel/.private/sick_scan/lib/python3/dist-packages/sick_scan/msg/_RadarObject.py, /home/lo/igvc_ws/devel/lib/python3/dist-packages/sick_scan/msg/_RadarObject.py)
Linked: (/home/lo/igvc_ws/devel/.private/sick_scan/lib/python3/dist-packages/sick_scan/msg/__init__.py, /home/lo/igvc_ws/devel/lib/python3/dist-packages/sick_scan/msg/__init__.py)
Linked: (/home/lo/igvc_ws/devel/.private/sick_scan/lib/python3/dist-packages/sick_scan/msg/_RadarPreHeaderDeviceBlock.py, /home/lo/igvc_ws/devel/lib/python3/dist-packages/sick_scan/msg/_RadarPreHeaderDeviceBlock.py)
Linked: (/home/lo/igvc_ws/devel/.private/sick_scan/lib/python3/dist-packages/sick_scan/msg/_RadarScan.py, /home/lo/igvc_ws/devel/lib/python3/dist-packages/sick_scan/msg/_RadarScan.py)
Linked: (/home/lo/igvc_ws/devel/.private/sick_scan/lib/python3/dist-packages/sick_scan/msg/_Encoder.py, /home/lo/igvc_ws/devel/lib/python3/dist-packages/sick_scan/msg/_Encoder.py)
Linked: (/home/lo/igvc_ws/devel/.private/sick_scan/lib/python3/dist-packages/sick_scan/cfg/SickScanConfig.py, /home/lo/igvc_ws/devel/lib/python3/dist-packages/sick_scan/cfg/SickScanConfig.py)
Linked: (/home/lo/igvc_ws/devel/.private/sick_scan/lib/python3/dist-packages/sick_scan/cfg/__init__.py, /home/lo/igvc_ws/devel/lib/python3/dist-packages/sick_scan/cfg/__init__.py)
Linked: (/home/lo/igvc_ws/devel/.private/sick_scan/lib/python3/dist-packages/sick_scan/cfg/tf_dynConfig.py, /home/lo/igvc_ws/devel/lib/python3/dist-packages/sick_scan/cfg/tf_dynConfig.py)
Linked: (/home/lo/igvc_ws/devel/.private/sick_scan/lib/python3/dist-packages/sick_scan/srv/_LIDoutputstateSrv.py, /home/lo/igvc_ws/devel/lib/python3/dist-packages/sick_scan/srv/_LIDoutputstateSrv.py)
Linked: (/home/lo/igvc_ws/devel/.private/sick_scan/lib/python3/dist-packages/sick_scan/srv/_ECRChangeArrSrv.py, /home/lo/igvc_ws/devel/lib/python3/dist-packages/sick_scan/srv/_ECRChangeArrSrv.py)
Linked: (/home/lo/igvc_ws/devel/.private/sick_scan/lib/python3/dist-packages/sick_scan/srv/_ColaMsgSrv.py, /home/lo/igvc_ws/devel/lib/python3/dist-packages/sick_scan/srv/_ColaMsgSrv.py)
Linked: (/home/lo/igvc_ws/devel/.private/sick_scan/lib/python3/dist-packages/sick_scan/srv/__init__.py, /home/lo/igvc_ws/devel/lib/python3/dist-packages/sick_scan/srv/__init__.py)
Linked: (/home/lo/igvc_ws/devel/.private/sick_scan/lib/pkgconfig/sick_scan.pc, /home/lo/igvc_ws/devel/lib/pkgconfig/sick_scan.pc)
