[35m[1mScanning dependencies of target _sick_scan_generate_messages_check_deps_ECRChangeArrSrv[0m
[35m[1mScanning dependencies of target geometry_msgs_generate_messages_nodejs[0m
[35m[1mScanning dependencies of target _sick_scan_generate_messages_check_deps_Encoder[0m
[35m[1mScanning dependencies of target actionlib_generate_messages_py[0m
[35m[1mScanning dependencies of target _sick_scan_generate_messages_check_deps_RadarScan[0m
[35m[1mScanning dependencies of target _sick_scan_generate_messages_check_deps_ColaMsgSrv[0m
[35m[1mScanning dependencies of target _sick_scan_generate_messages_check_deps_RadarPreHeaderDeviceBlock[0m
[35m[1mScanning dependencies of target _sick_scan_generate_messages_check_deps_SickImu[0m
[35m[1mScanning dependencies of target std_msgs_generate_messages_nodejs[0m
[35m[1mScanning dependencies of target _sick_scan_generate_messages_check_deps_RadarPreHeader[0m
[35m[1mScanning dependencies of target _sick_scan_generate_messages_check_deps_LFErecFieldMsg[0m
[35m[1mScanning dependencies of target _sick_scan_generate_messages_check_deps_RadarPreHeaderEncoderBlock[0m
[35m[1mScanning dependencies of target sensor_msgs_generate_messages_nodejs[0m
[35m[1mScanning dependencies of target _sick_scan_generate_messages_check_deps_LFErecMsg[0m
[35m[1mScanning dependencies of target _sick_scan_generate_messages_check_deps_RadarPreHeaderStatusBlock[0m
[35m[1mScanning dependencies of target _sick_scan_generate_messages_check_deps_RadarPreHeaderMeasurementParam1Block[0m
[35m[1mScanning dependencies of target _sick_scan_generate_messages_check_deps_RadarObject[0m
[35m[1mScanning dependencies of target _sick_scan_generate_messages_check_deps_LIDoutputstateSrv[0m
[35m[1mScanning dependencies of target _sick_scan_generate_messages_check_deps_LIDoutputstateMsg[0m
[  0%] Built target std_msgs_generate_messages_nodejs
[35m[1mScanning dependencies of target sensor_msgs_generate_messages_lisp[0m
[  0%] Built target actionlib_generate_messages_py
[  0%] Built target geometry_msgs_generate_messages_nodejs
[  0%] Built target sensor_msgs_generate_messages_lisp
[35m[1mScanning dependencies of target geometry_msgs_generate_messages_lisp[0m
[35m[1mScanning dependencies of target std_msgs_generate_messages_lisp[0m
[35m[1mScanning dependencies of target sick_scan_gencfg[0m
[  0%] Built target std_msgs_generate_messages_lisp
[  0%] Built target geometry_msgs_generate_messages_lisp
[  1%] [34m[1mGenerating dynamic reconfigure files from cfg/SickScan.cfg: /home/lo/igvc_ws/devel/.private/sick_scan/include/sick_scan/SickScanConfig.h /home/lo/igvc_ws/devel/.private/sick_scan/lib/python3/dist-packages/sick_scan/cfg/SickScanConfig.py[0m
[35m[1mScanning dependencies of target tf2_msgs_generate_messages_nodejs[0m
[  1%] Built target sensor_msgs_generate_messages_nodejs
[  1%] Built target _sick_scan_generate_messages_check_deps_SickImu
[35m[1mScanning dependencies of target tf2_msgs_generate_messages_lisp[0m
[35m[1mScanning dependencies of target actionlib_msgs_generate_messages_py[0m
[35m[1mScanning dependencies of target sensor_msgs_generate_messages_eus[0m
[  1%] Built target _sick_scan_generate_messages_check_deps_ColaMsgSrv
[  1%] Built target _sick_scan_generate_messages_check_deps_LIDoutputstateSrv
[  1%] Built target _sick_scan_generate_messages_check_deps_RadarPreHeader
[  1%] Built target _sick_scan_generate_messages_check_deps_RadarScan
[  1%] Built target _sick_scan_generate_messages_check_deps_ECRChangeArrSrv
[  1%] Built target _sick_scan_generate_messages_check_deps_RadarPreHeaderStatusBlock
[  1%] Built target _sick_scan_generate_messages_check_deps_LFErecFieldMsg
[  1%] Built target _sick_scan_generate_messages_check_deps_Encoder
[  1%] Built target _sick_scan_generate_messages_check_deps_RadarPreHeaderDeviceBlock
[  1%] Built target _sick_scan_generate_messages_check_deps_RadarObject
[  1%] Built target tf2_msgs_generate_messages_nodejs
[  1%] Built target _sick_scan_generate_messages_check_deps_LFErecMsg
[  1%] Built target _sick_scan_generate_messages_check_deps_LIDoutputstateMsg
[  1%] Built target _sick_scan_generate_messages_check_deps_RadarPreHeaderMeasurementParam1Block
[  1%] Built target _sick_scan_generate_messages_check_deps_RadarPreHeaderEncoderBlock
[  1%] Built target tf2_msgs_generate_messages_lisp
[35m[1mScanning dependencies of target sensor_msgs_generate_messages_cpp[0m
[35m[1mScanning dependencies of target geometry_msgs_generate_messages_eus[0m
[  1%] [34m[1mGenerating dynamic reconfigure files from cfg/tf_dyn.cfg: /home/lo/igvc_ws/devel/.private/sick_scan/include/sick_scan/tf_dynConfig.h /home/lo/igvc_ws/devel/.private/sick_scan/lib/python3/dist-packages/sick_scan/cfg/tf_dynConfig.py[0m
[35m[1mScanning dependencies of target geometry_msgs_generate_messages_py[0m
[  1%] Built target sensor_msgs_generate_messages_eus
[  1%] Built target actionlib_msgs_generate_messages_py
[35m[1mScanning dependencies of target dynamic_reconfigure_generate_messages_nodejs[0m
[35m[1mScanning dependencies of target diagnostic_msgs_generate_messages_py[0m
[35m[1mScanning dependencies of target std_msgs_generate_messages_cpp[0m
[35m[1mScanning dependencies of target std_msgs_generate_messages_eus[0m
[35m[1mScanning dependencies of target actionlib_generate_messages_cpp[0m
[35m[1mScanning dependencies of target roscpp_generate_messages_lisp[0m
[35m[1mScanning dependencies of target rosgraph_msgs_generate_messages_nodejs[0m
[35m[1mScanning dependencies of target sensor_msgs_generate_messages_py[0m
[35m[1mScanning dependencies of target actionlib_generate_messages_lisp[0m
[35m[1mScanning dependencies of target tf2_msgs_generate_messages_py[0m
[35m[1mScanning dependencies of target geometry_msgs_generate_messages_cpp[0m
[  1%] Built target sensor_msgs_generate_messages_cpp
[35m[1mScanning dependencies of target tf_generate_messages_eus[0m
[35m[1mScanning dependencies of target std_msgs_generate_messages_py[0m
[  1%] Built target geometry_msgs_generate_messages_eus
[  1%] Built target diagnostic_msgs_generate_messages_py
[  1%] Built target dynamic_reconfigure_generate_messages_nodejs
[  1%] Built target std_msgs_generate_messages_eus
[35m[1mScanning dependencies of target dynamic_reconfigure_generate_messages_py[0m
[35m[1mScanning dependencies of target rosgraph_msgs_generate_messages_lisp[0m
[  1%] Built target actionlib_generate_messages_cpp
[  1%] Built target geometry_msgs_generate_messages_py
[  1%] Built target std_msgs_generate_messages_cpp
[  1%] Built target tf2_msgs_generate_messages_py
[  1%] Built target rosgraph_msgs_generate_messages_nodejs
[  1%] Built target roscpp_generate_messages_lisp
[  1%] Built target sensor_msgs_generate_messages_py
[35m[1mScanning dependencies of target actionlib_msgs_generate_messages_eus[0m
[  1%] Built target actionlib_generate_messages_lisp
[  1%] Built target geometry_msgs_generate_messages_cpp
[35m[1mScanning dependencies of target rosgraph_msgs_generate_messages_py[0m
[35m[1mScanning dependencies of target roscpp_generate_messages_cpp[0m
[  1%] Built target std_msgs_generate_messages_py
[  1%] Built target tf_generate_messages_eus
[35m[1mScanning dependencies of target roscpp_generate_messages_eus[0m
[35m[1mScanning dependencies of target diagnostic_msgs_generate_messages_cpp[0m
[  1%] Built target dynamic_reconfigure_generate_messages_py
[35m[1mScanning dependencies of target roscpp_generate_messages_py[0m
[35m[1mScanning dependencies of target visualization_msgs_generate_messages_eus[0m
[  1%] Built target rosgraph_msgs_generate_messages_lisp
[35m[1mScanning dependencies of target tf2_msgs_generate_messages_eus[0m
[35m[1mScanning dependencies of target roscpp_generate_messages_nodejs[0m
[35m[1mScanning dependencies of target tf_generate_messages_cpp[0m
[35m[1mScanning dependencies of target diagnostic_msgs_generate_messages_eus[0m
[35m[1mScanning dependencies of target rosgraph_msgs_generate_messages_eus[0m
[  1%] Built target actionlib_msgs_generate_messages_eus
[35m[1mScanning dependencies of target tf_generate_messages_py[0m
[  1%] Built target rosgraph_msgs_generate_messages_py
[35m[1mScanning dependencies of target actionlib_msgs_generate_messages_nodejs[0m
[  1%] Built target roscpp_generate_messages_eus
[  1%] Built target diagnostic_msgs_generate_messages_cpp
[35m[1mScanning dependencies of target visualization_msgs_generate_messages_lisp[0m
[  1%] Built target roscpp_generate_messages_cpp
[  1%] Built target roscpp_generate_messages_py
[35m[1mScanning dependencies of target diagnostic_msgs_generate_messages_nodejs[0m
[  1%] Built target visualization_msgs_generate_messages_eus
[  1%] Built target tf2_msgs_generate_messages_eus
[  1%] Built target roscpp_generate_messages_nodejs
[  1%] Built target tf_generate_messages_cpp
[  1%] Built target rosgraph_msgs_generate_messages_eus
[  1%] Built target tf_generate_messages_py
[35m[1mScanning dependencies of target dynamic_reconfigure_generate_messages_eus[0m
[35m[1mScanning dependencies of target tf_generate_messages_lisp[0m
[35m[1mScanning dependencies of target actionlib_msgs_generate_messages_lisp[0m
[  1%] Built target actionlib_msgs_generate_messages_nodejs
[  1%] Built target diagnostic_msgs_generate_messages_eus
[35m[1mScanning dependencies of target dynamic_reconfigure_gencfg[0m
[35m[1mScanning dependencies of target tf2_msgs_generate_messages_cpp[0m
[  1%] Built target visualization_msgs_generate_messages_lisp
[35m[1mScanning dependencies of target dynamic_reconfigure_generate_messages_lisp[0m
[35m[1mScanning dependencies of target visualization_msgs_generate_messages_cpp[0m
[35m[1mScanning dependencies of target dynamic_reconfigure_generate_messages_cpp[0m
[  1%] Built target diagnostic_msgs_generate_messages_nodejs
[35m[1mScanning dependencies of target actionlib_msgs_generate_messages_cpp[0m
[35m[1mScanning dependencies of target actionlib_generate_messages_eus[0m
[35m[1mScanning dependencies of target visualization_msgs_generate_messages_nodejs[0m
[35m[1mScanning dependencies of target rosgraph_msgs_generate_messages_cpp[0m
[  1%] Built target dynamic_reconfigure_generate_messages_eus
[35m[1mScanning dependencies of target visualization_msgs_generate_messages_py[0m
[  1%] Built target actionlib_msgs_generate_messages_lisp
[35m[1mScanning dependencies of target diagnostic_msgs_generate_messages_lisp[0m
[35m[1mScanning dependencies of target actionlib_generate_messages_nodejs[0m
[35m[1mScanning dependencies of target tf_generate_messages_nodejs[0m
[  1%] Built target tf_generate_messages_lisp
[  1%] Built target dynamic_reconfigure_gencfg
[  1%] Built target tf2_msgs_generate_messages_cpp
[35m[1mScanning dependencies of target sick_scan_generate_messages_nodejs[0m
[  1%] Built target visualization_msgs_generate_messages_cpp
[  1%] Built target dynamic_reconfigure_generate_messages_cpp
[  1%] Built target dynamic_reconfigure_generate_messages_lisp
[35m[1mScanning dependencies of target sick_scan_generate_messages_lisp[0m
[  1%] Built target diagnostic_msgs_generate_messages_lisp
[  1%] Built target actionlib_generate_messages_nodejs
[35m[1mScanning dependencies of target sick_scan_generate_messages_eus[0m
[  1%] Built target actionlib_generate_messages_eus
[  1%] Built target visualization_msgs_generate_messages_nodejs
[  1%] Built target tf_generate_messages_nodejs
[  1%] Built target actionlib_msgs_generate_messages_cpp
[  1%] Built target rosgraph_msgs_generate_messages_cpp
[  1%] Built target visualization_msgs_generate_messages_py
[35m[1mScanning dependencies of target sick_scan_generate_messages_cpp[0m
[  2%] [34m[1mGenerating Javascript code from sick_scan/RadarPreHeaderStatusBlock.msg[0m
[  3%] [34m[1mGenerating Javascript code from sick_scan/SickImu.msg[0m
[  3%] [34m[1mGenerating Javascript code from sick_scan/RadarPreHeaderMeasurementParam1Block.msg[0m
[  4%] [34m[1mGenerating Javascript code from sick_scan/RadarPreHeaderDeviceBlock.msg[0m
[  5%] [34m[1mGenerating Javascript code from sick_scan/RadarPreHeaderEncoderBlock.msg[0m
[  6%] [34m[1mGenerating Javascript code from sick_scan/RadarObject.msg[0m
Generating reconfiguration files for SickScan in sick_scan
Wrote header file in /home/lo/igvc_ws/devel/.private/sick_scan/include/sick_scan/SickScanConfig.h
[  7%] [34m[1mGenerating Javascript code from sick_scan/RadarPreHeader.msg[0m
[35m[1mScanning dependencies of target sick_scan_generate_messages_py[0m
[  8%] [34m[1mGenerating Lisp code from sick_scan/SickImu.msg[0m
[  9%] [34m[1mGenerating Javascript code from sick_scan/LFErecFieldMsg.msg[0m
[ 10%] [34m[1mGenerating Javascript code from sick_scan/ColaMsgSrv.srv[0m
[ 10%] [34m[1mGenerating Javascript code from sick_scan/Encoder.msg[0m
[ 11%] [34m[1mGenerating Javascript code from sick_scan/RadarScan.msg[0m
[ 12%] [34m[1mGenerating Javascript code from sick_scan/LFErecMsg.msg[0m
[ 13%] [34m[1mGenerating Javascript code from sick_scan/LIDoutputstateMsg.msg[0m
[ 14%] [34m[1mGenerating EusLisp code from sick_scan/SickImu.msg[0m
[ 15%] [34m[1mGenerating C++ code from sick_scan/SickImu.msg[0m
Generating reconfiguration files for tf_dyn in sick_scan_fusion
[ 17%] [34m[1mGenerating Lisp code from sick_scan/RadarObject.msg[0m
Wrote header file in /home/lo/igvc_ws/devel/.private/sick_scan/include/sick_scan/tf_dynConfig.h
[ 18%] [34m[1mGenerating Python from MSG sick_scan/SickImu[0m
[ 18%] [34m[1mGenerating Javascript code from sick_scan/ECRChangeArrSrv.srv[0m
[ 19%] [34m[1mGenerating EusLisp code from sick_scan/RadarObject.msg[0m
[ 20%] [34m[1mGenerating C++ code from sick_scan/RadarObject.msg[0m
[ 21%] [34m[1mGenerating EusLisp code from sick_scan/RadarPreHeaderDeviceBlock.msg[0m
[ 22%] [34m[1mGenerating Javascript code from sick_scan/LIDoutputstateSrv.srv[0m
[ 23%] [34m[1mGenerating EusLisp code from sick_scan/RadarPreHeaderMeasurementParam1Block.msg[0m
[ 23%] [34m[1mGenerating EusLisp code from sick_scan/RadarPreHeaderStatusBlock.msg[0m
[ 24%] [34m[1mGenerating EusLisp code from sick_scan/RadarPreHeaderEncoderBlock.msg[0m
[ 25%] [34m[1mGenerating EusLisp code from sick_scan/RadarPreHeader.msg[0m
[ 26%] [34m[1mGenerating Lisp code from sick_scan/RadarPreHeaderDeviceBlock.msg[0m
[ 27%] [34m[1mGenerating C++ code from sick_scan/RadarPreHeaderDeviceBlock.msg[0m
[ 28%] [34m[1mGenerating Python from MSG sick_scan/RadarObject[0m
[ 30%] [34m[1mGenerating EusLisp code from sick_scan/RadarScan.msg[0m
[ 30%] [34m[1mGenerating Python from MSG sick_scan/RadarPreHeaderDeviceBlock[0m
[ 30%] [34m[1mGenerating Python from MSG sick_scan/RadarPreHeaderMeasurementParam1Block[0m
[ 31%] [34m[1mGenerating EusLisp code from sick_scan/Encoder.msg[0m
[ 32%] [34m[1mGenerating Python from MSG sick_scan/RadarPreHeaderStatusBlock[0m
[ 32%] Built target sick_scan_gencfg
[ 32%] [34m[1mGenerating EusLisp code from sick_scan/LFErecFieldMsg.msg[0m
[ 34%] [34m[1mGenerating EusLisp code from sick_scan/LFErecMsg.msg[0m
[ 34%] Built target sick_scan_generate_messages_nodejs
[ 34%] [34m[1mGenerating Lisp code from sick_scan/RadarPreHeaderMeasurementParam1Block.msg[0m
[ 35%] [34m[1mGenerating C++ code from sick_scan/RadarPreHeaderMeasurementParam1Block.msg[0m
[ 36%] [34m[1mGenerating C++ code from sick_scan/RadarPreHeaderStatusBlock.msg[0m
[ 36%] [34m[1mGenerating Lisp code from sick_scan/RadarPreHeaderStatusBlock.msg[0m
[ 37%] [34m[1mGenerating Lisp code from sick_scan/RadarPreHeaderEncoderBlock.msg[0m
[ 38%] [34m[1mGenerating Lisp code from sick_scan/RadarScan.msg[0m
[ 39%] [34m[1mGenerating Lisp code from sick_scan/RadarPreHeader.msg[0m
[ 39%] [34m[1mGenerating Lisp code from sick_scan/Encoder.msg[0m
[ 40%] [34m[1mGenerating Lisp code from sick_scan/LFErecFieldMsg.msg[0m
[ 41%] [34m[1mGenerating Lisp code from sick_scan/LFErecMsg.msg[0m
[ 42%] [34m[1mGenerating EusLisp code from sick_scan/LIDoutputstateMsg.msg[0m
[ 43%] [34m[1mGenerating EusLisp code from sick_scan/ColaMsgSrv.srv[0m
[ 44%] [34m[1mGenerating Python from MSG sick_scan/RadarPreHeader[0m
[ 45%] [34m[1mGenerating Python from MSG sick_scan/RadarPreHeaderEncoderBlock[0m
[ 47%] [34m[1mGenerating Lisp code from sick_scan/LIDoutputstateMsg.msg[0m
[ 47%] [34m[1mGenerating EusLisp code from sick_scan/ECRChangeArrSrv.srv[0m
[ 48%] [34m[1mGenerating Python from MSG sick_scan/RadarScan[0m
[ 48%] [34m[1mGenerating Lisp code from sick_scan/ECRChangeArrSrv.srv[0m
[ 50%] [34m[1mGenerating Lisp code from sick_scan/ColaMsgSrv.srv[0m
[ 51%] [34m[1mGenerating Python from MSG sick_scan/LFErecFieldMsg[0m
[ 51%] [34m[1mGenerating Python from MSG sick_scan/Encoder[0m
[ 51%] [34m[1mGenerating EusLisp code from sick_scan/LIDoutputstateSrv.srv[0m
[ 52%] [34m[1mGenerating EusLisp manifest code for sick_scan[0m
[ 54%] [34m[1mGenerating Lisp code from sick_scan/LIDoutputstateSrv.srv[0m
[ 54%] [34m[1mGenerating C++ code from sick_scan/RadarPreHeaderEncoderBlock.msg[0m
[ 56%] [34m[1mGenerating Python from MSG sick_scan/LFErecMsg[0m
[ 56%] [34m[1mGenerating C++ code from sick_scan/RadarPreHeader.msg[0m
[ 57%] [34m[1mGenerating Python from MSG sick_scan/LIDoutputstateMsg[0m
[ 58%] [34m[1mGenerating Python code from SRV sick_scan/ColaMsgSrv[0m
[ 59%] [34m[1mGenerating C++ code from sick_scan/RadarScan.msg[0m
[ 60%] [34m[1mGenerating Python code from SRV sick_scan/ECRChangeArrSrv[0m
[ 60%] [34m[1mGenerating C++ code from sick_scan/Encoder.msg[0m
[ 61%] [34m[1mGenerating Python code from SRV sick_scan/LIDoutputstateSrv[0m
[ 61%] [34m[1mGenerating C++ code from sick_scan/LFErecFieldMsg.msg[0m
[ 61%] Built target sick_scan_generate_messages_lisp
[ 62%] [34m[1mGenerating C++ code from sick_scan/LFErecMsg.msg[0m
[ 63%] [34m[1mGenerating C++ code from sick_scan/ColaMsgSrv.srv[0m
[ 64%] [34m[1mGenerating C++ code from sick_scan/ECRChangeArrSrv.srv[0m
[ 65%] [34m[1mGenerating C++ code from sick_scan/LIDoutputstateMsg.msg[0m
[ 65%] [34m[1mGenerating C++ code from sick_scan/LIDoutputstateSrv.srv[0m
[ 68%] [34m[1mGenerating Python msg __init__.py for sick_scan[0m
[ 68%] [34m[1mGenerating Python srv __init__.py for sick_scan[0m
[ 68%] Built target sick_scan_generate_messages_cpp
[ 68%] Built target sick_scan_generate_messages_py
[ 68%] Built target sick_scan_generate_messages_eus
[35m[1mScanning dependencies of target sick_scan_generate_messages[0m
[35m[1mScanning dependencies of target sick_scan_lib[0m
[ 68%] Built target sick_scan_generate_messages
[ 69%] [32mBuilding CXX object CMakeFiles/sick_scan_lib.dir/driver/src/dataDumper.cpp.o[0m
[ 70%] [32mBuilding CXX object CMakeFiles/sick_scan_lib.dir/driver/src/tcp/tcp.cpp.o[0m
[ 71%] [32mBuilding CXX object CMakeFiles/sick_scan_lib.dir/driver/src/sick_scan_common.cpp.o[0m
[ 71%] [32mBuilding CXX object CMakeFiles/sick_scan_lib.dir/driver/src/tcp/Mutex.cpp.o[0m
[ 72%] [32mBuilding CXX object CMakeFiles/sick_scan_lib.dir/driver/src/abstract_parser.cpp.o[0m
[ 73%] [32mBuilding CXX object CMakeFiles/sick_scan_lib.dir/driver/src/tcp/toolbox.cpp.o[0m
[ 73%] [32mBuilding CXX object CMakeFiles/sick_scan_lib.dir/driver/src/binScanf.cpp.o[0m
[ 74%] [32mBuilding CXX object CMakeFiles/sick_scan_lib.dir/driver/src/sick_scan_common_tcp.cpp.o[0m
[ 76%] [32mBuilding CXX object CMakeFiles/sick_scan_lib.dir/driver/src/tcp/SickThread.cpp.o[0m
[ 76%] [32mBuilding CXX object CMakeFiles/sick_scan_lib.dir/driver/src/tcp/Time.cpp.o[0m
[ 78%] [32mBuilding CXX object CMakeFiles/sick_scan_lib.dir/driver/src/sick_generic_parser.cpp.o[0m
[ 77%] [32mBuilding CXX object CMakeFiles/sick_scan_lib.dir/driver/src/sick_generic_radar.cpp.o[0m
[ 79%] [32mBuilding CXX object CMakeFiles/sick_scan_lib.dir/driver/src/sick_scan_config_internal.cpp.o[0m
[ 79%] [32mBuilding CXX object CMakeFiles/sick_scan_lib.dir/driver/src/tcp/errorhandler.cpp.o[0m
[ 80%] [32mBuilding CXX object CMakeFiles/sick_scan_lib.dir/driver/src/tcp/colaa.cpp.o[0m
[ 81%] [32mBuilding CXX object CMakeFiles/sick_scan_lib.dir/driver/src/tcp/colab.cpp.o[0m
[ 81%] [32mBuilding CXX object CMakeFiles/sick_scan_lib.dir/driver/src/sick_scan_common_nw.cpp.o[0m
[ 82%] [32mBuilding CXX object CMakeFiles/sick_scan_lib.dir/driver/src/sick_generic_imu.cpp.o[0m
[ 84%] [32mBuilding CXX object CMakeFiles/sick_scan_lib.dir/driver/src/softwarePLL.cpp.o[0m
[ 85%] [32mBuilding CXX object CMakeFiles/sick_scan_lib.dir/driver/src/helper/angle_compensator.cpp.o[0m
[ 86%] [32mBuilding CXX object CMakeFiles/sick_scan_lib.dir/driver/src/sick_generic_field_mon.cpp.o[0m
[ 86%] [32mBuilding CXX object CMakeFiles/sick_scan_lib.dir/driver/src/sick_scan_marker.cpp.o[0m
[ 87%] [32mBuilding CXX object CMakeFiles/sick_scan_lib.dir/driver/src/sick_scan_messages.cpp.o[0m
[ 88%] [32mBuilding CXX object CMakeFiles/sick_scan_lib.dir/driver/src/sick_scan_services.cpp.o[0m
[ 89%] [32m[1mLinking CXX shared library /home/lo/igvc_ws/devel/.private/sick_scan/lib/libsick_scan_lib.so[0m
[ 89%] Built target sick_scan_lib
[35m[1mScanning dependencies of target sick_scan_test[0m
[35m[1mScanning dependencies of target sick_generic_caller[0m
[35m[1mScanning dependencies of target radar_object_marker[0m
[ 90%] [32mBuilding CXX object CMakeFiles/radar_object_marker.dir/tools/radar_object_marker/src/radar_object_marker.cpp.o[0m
[ 91%] [32mBuilding CXX object CMakeFiles/radar_object_marker.dir/tools/pcl_converter/src/gnuplotPaletteReader.cpp.o[0m
[ 94%] [32mBuilding CXX object CMakeFiles/sick_scan_test.dir/driver/src/tinyxml/tinyxmlerror.cpp.o[0m
[ 94%] [32mBuilding CXX object CMakeFiles/sick_scan_test.dir/driver/src/tinyxml/tinyxmlparser.cpp.o[0m
[ 94%] [32mBuilding CXX object CMakeFiles/sick_generic_caller.dir/driver/src/sick_generic_laser.cpp.o[0m
[ 95%] [32mBuilding CXX object CMakeFiles/sick_scan_test.dir/test/src/sick_scan_test.cpp.o[0m
[ 95%] [32mBuilding CXX object CMakeFiles/sick_scan_test.dir/driver/src/tinyxml/tinystr.cpp.o[0m
[ 96%] [32mBuilding CXX object CMakeFiles/sick_scan_test.dir/driver/src/tinyxml/tinyxml.cpp.o[0m
[ 97%] [32mBuilding CXX object CMakeFiles/sick_generic_caller.dir/driver/src/sick_generic_caller.cpp.o[0m
[ 97%] [32m[1mLinking CXX executable /home/lo/igvc_ws/devel/.private/sick_scan/lib/sick_scan/radar_object_marker[0m
[ 97%] Built target radar_object_marker
[ 98%] [32m[1mLinking CXX executable /home/lo/igvc_ws/devel/.private/sick_scan/lib/sick_scan/sick_generic_caller[0m
[ 98%] Built target sick_generic_caller
[100%] [32m[1mLinking CXX executable /home/lo/igvc_ws/devel/.private/sick_scan/lib/sick_scan/sick_scan_test[0m
[100%] Built target sick_scan_test
