[  0%] Built target geometry_msgs_generate_messages_nodejs
[  0%] Built target actionlib_generate_messages_py
[  0%] Built target sensor_msgs_generate_messages_nodejs
[  0%] Built target std_msgs_generate_messages_nodejs
[  0%] Built target sensor_msgs_generate_messages_lisp
[  0%] Built target std_msgs_generate_messages_lisp
[  0%] Built target geometry_msgs_generate_messages_lisp
[  0%] Built target _sick_scan_generate_messages_check_deps_RadarScan
[  0%] Built target _sick_scan_generate_messages_check_deps_LIDoutputstateMsg
[  0%] Built target _sick_scan_generate_messages_check_deps_LFErecMsg
[  1%] Built target sick_scan_gencfg
[  1%] Built target _sick_scan_generate_messages_check_deps_Encoder
[  1%] Built target _sick_scan_generate_messages_check_deps_ECRChangeArrSrv
[  1%] Built target _sick_scan_generate_messages_check_deps_LIDoutputstateSrv
[  1%] Built target _sick_scan_generate_messages_check_deps_RadarPreHeaderMeasurementParam1Block
[  1%] Built target _sick_scan_generate_messages_check_deps_LFErecFieldMsg
[  1%] Built target _sick_scan_generate_messages_check_deps_RadarPreHeader
[  1%] Built target _sick_scan_generate_messages_check_deps_SickImu
[  1%] Built target _sick_scan_generate_messages_check_deps_RadarPreHeaderEncoderBlock
[  1%] Built target _sick_scan_generate_messages_check_deps_RadarPreHeaderDeviceBlock
[  1%] Built target tf2_msgs_generate_messages_nodejs
[  1%] Built target geometry_msgs_generate_messages_eus
[  1%] Built target _sick_scan_generate_messages_check_deps_ColaMsgSrv
[  1%] Built target actionlib_msgs_generate_messages_py
[  1%] Built target tf2_msgs_generate_messages_lisp
[  1%] Built target _sick_scan_generate_messages_check_deps_RadarObject
[  1%] Built target sensor_msgs_generate_messages_eus
[  1%] Built target sensor_msgs_generate_messages_cpp
[  1%] Built target actionlib_generate_messages_cpp
[  1%] Built target rosgraph_msgs_generate_messages_nodejs
[  1%] Built target std_msgs_generate_messages_cpp
[  1%] Built target tf2_msgs_generate_messages_py
[  1%] Built target geometry_msgs_generate_messages_py
[  1%] Built target diagnostic_msgs_generate_messages_py
[  1%] Built target roscpp_generate_messages_lisp
[  1%] Built target std_msgs_generate_messages_eus
[  1%] Built target sensor_msgs_generate_messages_py
[  1%] Built target dynamic_reconfigure_generate_messages_nodejs
[  1%] Built target std_msgs_generate_messages_py
[  1%] Built target tf_generate_messages_eus
[  1%] Built target geometry_msgs_generate_messages_cpp
[  1%] Built target actionlib_generate_messages_lisp
[  1%] Built target _sick_scan_generate_messages_check_deps_RadarPreHeaderStatusBlock
[  1%] Built target rosgraph_msgs_generate_messages_lisp
[  1%] Built target rosgraph_msgs_generate_messages_py
[  1%] Built target roscpp_generate_messages_cpp
[  1%] Built target dynamic_reconfigure_generate_messages_py
[  1%] Built target visualization_msgs_generate_messages_eus
[  1%] Built target actionlib_msgs_generate_messages_eus
[  1%] Built target diagnostic_msgs_generate_messages_cpp
[  1%] Built target tf2_msgs_generate_messages_eus
[  1%] Built target tf_generate_messages_cpp
[  1%] Built target visualization_msgs_generate_messages_lisp
[  1%] Built target roscpp_generate_messages_py
[  1%] Built target roscpp_generate_messages_eus
[  1%] Built target actionlib_msgs_generate_messages_lisp
[  1%] Built target tf_generate_messages_py
[  1%] Built target actionlib_msgs_generate_messages_nodejs
[  1%] Built target diagnostic_msgs_generate_messages_eus
[  1%] Built target roscpp_generate_messages_nodejs
[  1%] Built target rosgraph_msgs_generate_messages_eus
[  1%] Built target dynamic_reconfigure_generate_messages_cpp
[  1%] Built target diagnostic_msgs_generate_messages_nodejs
[  1%] Built target tf_generate_messages_lisp
[  1%] Built target dynamic_reconfigure_gencfg
[  1%] Built target dynamic_reconfigure_generate_messages_eus
[  1%] Built target visualization_msgs_generate_messages_cpp
[  1%] Built target rosgraph_msgs_generate_messages_cpp
[  1%] Built target actionlib_msgs_generate_messages_cpp
[  1%] Built target dynamic_reconfigure_generate_messages_lisp
[  1%] Built target tf2_msgs_generate_messages_cpp
[  1%] Built target actionlib_generate_messages_eus
[  1%] Built target actionlib_generate_messages_nodejs
[  1%] Built target tf_generate_messages_nodejs
[  1%] Built target diagnostic_msgs_generate_messages_lisp
[  1%] Built target visualization_msgs_generate_messages_nodejs
[ 14%] Built target sick_scan_generate_messages_eus
[ 40%] Built target sick_scan_generate_messages_nodejs
[ 40%] Built target sick_scan_generate_messages_lisp
[ 40%] Built target visualization_msgs_generate_messages_py
[ 55%] Built target sick_scan_generate_messages_py
[ 68%] Built target sick_scan_generate_messages_cpp
[ 68%] Built target sick_scan_generate_messages
[ 89%] Built target sick_scan_lib
[ 91%] Built target radar_object_marker
[ 96%] Built target sick_generic_caller
[100%] Built target sick_scan_test
