Symlinking /home/lo/igvc_ws/devel/share/gennodejs/ros/sick_scan/_index.js
Symlinking /home/lo/igvc_ws/devel/share/gennodejs/ros/sick_scan/msg/RadarScan.js
Symlinking /home/lo/igvc_ws/devel/share/gennodejs/ros/sick_scan/msg/_index.js
Symlinking /home/lo/igvc_ws/devel/share/gennodejs/ros/sick_scan/msg/LFErecFieldMsg.js
Symlinking /home/lo/igvc_ws/devel/share/gennodejs/ros/sick_scan/msg/SickImu.js
Symlinking /home/lo/igvc_ws/devel/share/gennodejs/ros/sick_scan/msg/RadarPreHeaderStatusBlock.js
Symlinking /home/lo/igvc_ws/devel/share/gennodejs/ros/sick_scan/msg/Encoder.js
Symlinking /home/lo/igvc_ws/devel/share/gennodejs/ros/sick_scan/msg/RadarPreHeaderDeviceBlock.js
Symlinking /home/lo/igvc_ws/devel/share/gennodejs/ros/sick_scan/msg/RadarPreHeaderEncoderBlock.js
Symlinking /home/lo/igvc_ws/devel/share/gennodejs/ros/sick_scan/msg/RadarObject.js
Symlinking /home/lo/igvc_ws/devel/share/gennodejs/ros/sick_scan/msg/LFErecMsg.js
Symlinking /home/lo/igvc_ws/devel/share/gennodejs/ros/sick_scan/msg/LIDoutputstateMsg.js
Symlinking /home/lo/igvc_ws/devel/share/gennodejs/ros/sick_scan/msg/RadarPreHeaderMeasurementParam1Block.js
Symlinking /home/lo/igvc_ws/devel/share/gennodejs/ros/sick_scan/msg/RadarPreHeader.js
Symlinking /home/lo/igvc_ws/devel/share/gennodejs/ros/sick_scan/srv/ColaMsgSrv.js
Symlinking /home/lo/igvc_ws/devel/share/gennodejs/ros/sick_scan/srv/_index.js
Symlinking /home/lo/igvc_ws/devel/share/gennodejs/ros/sick_scan/srv/ECRChangeArrSrv.js
Symlinking /home/lo/igvc_ws/devel/share/gennodejs/ros/sick_scan/srv/LIDoutputstateSrv.js
Symlinking /home/lo/igvc_ws/devel/share/roseus/ros/sick_scan/manifest.l
Symlinking /home/lo/igvc_ws/devel/share/roseus/ros/sick_scan/msg/RadarObject.l
Symlinking /home/lo/igvc_ws/devel/share/roseus/ros/sick_scan/msg/RadarPreHeaderDeviceBlock.l
Symlinking /home/lo/igvc_ws/devel/share/roseus/ros/sick_scan/msg/RadarPreHeaderMeasurementParam1Block.l
Symlinking /home/lo/igvc_ws/devel/share/roseus/ros/sick_scan/msg/LFErecFieldMsg.l
Symlinking /home/lo/igvc_ws/devel/share/roseus/ros/sick_scan/msg/Encoder.l
Symlinking /home/lo/igvc_ws/devel/share/roseus/ros/sick_scan/msg/RadarPreHeaderEncoderBlock.l
Symlinking /home/lo/igvc_ws/devel/share/roseus/ros/sick_scan/msg/SickImu.l
Symlinking /home/lo/igvc_ws/devel/share/roseus/ros/sick_scan/msg/LFErecMsg.l
Symlinking /home/lo/igvc_ws/devel/share/roseus/ros/sick_scan/msg/RadarPreHeader.l
Symlinking /home/lo/igvc_ws/devel/share/roseus/ros/sick_scan/msg/LIDoutputstateMsg.l
Symlinking /home/lo/igvc_ws/devel/share/roseus/ros/sick_scan/msg/RadarScan.l
Symlinking /home/lo/igvc_ws/devel/share/roseus/ros/sick_scan/msg/RadarPreHeaderStatusBlock.l
Symlinking /home/lo/igvc_ws/devel/share/roseus/ros/sick_scan/srv/ColaMsgSrv.l
Symlinking /home/lo/igvc_ws/devel/share/roseus/ros/sick_scan/srv/ECRChangeArrSrv.l
Symlinking /home/lo/igvc_ws/devel/share/roseus/ros/sick_scan/srv/LIDoutputstateSrv.l
Symlinking /home/lo/igvc_ws/devel/share/sick_scan/docs/SickScanConfig.wikidoc
Symlinking /home/lo/igvc_ws/devel/share/sick_scan/docs/tf_dynConfig.dox
Symlinking /home/lo/igvc_ws/devel/share/sick_scan/docs/SickScanConfig.dox
Symlinking /home/lo/igvc_ws/devel/share/sick_scan/docs/tf_dynConfig.wikidoc
Symlinking /home/lo/igvc_ws/devel/share/sick_scan/docs/SickScanConfig-usage.dox
Symlinking /home/lo/igvc_ws/devel/share/sick_scan/docs/tf_dynConfig-usage.dox
Symlinking /home/lo/igvc_ws/devel/share/sick_scan/cmake/sick_scanConfig.cmake
Symlinking /home/lo/igvc_ws/devel/share/sick_scan/cmake/sick_scan-msg-paths.cmake
Symlinking /home/lo/igvc_ws/devel/share/sick_scan/cmake/sick_scan-msg-extras.cmake
Symlinking /home/lo/igvc_ws/devel/share/sick_scan/cmake/sick_scanConfig-version.cmake
Symlinking /home/lo/igvc_ws/devel/share/common-lisp/ros/sick_scan/msg/_package_Encoder.lisp
Symlinking /home/lo/igvc_ws/devel/share/common-lisp/ros/sick_scan/msg/_package.lisp
Symlinking /home/lo/igvc_ws/devel/share/common-lisp/ros/sick_scan/msg/_package_SickImu.lisp
Symlinking /home/lo/igvc_ws/devel/share/common-lisp/ros/sick_scan/msg/RadarPreHeaderMeasurementParam1Block.lisp
Symlinking /home/lo/igvc_ws/devel/share/common-lisp/ros/sick_scan/msg/RadarScan.lisp
Symlinking /home/lo/igvc_ws/devel/share/common-lisp/ros/sick_scan/msg/_package_RadarPreHeader.lisp
Symlinking /home/lo/igvc_ws/devel/share/common-lisp/ros/sick_scan/msg/_package_RadarPreHeaderEncoderBlock.lisp
Symlinking /home/lo/igvc_ws/devel/share/common-lisp/ros/sick_scan/msg/_package_RadarScan.lisp
Symlinking /home/lo/igvc_ws/devel/share/common-lisp/ros/sick_scan/msg/RadarPreHeaderDeviceBlock.lisp
Symlinking /home/lo/igvc_ws/devel/share/common-lisp/ros/sick_scan/msg/SickImu.lisp
Symlinking /home/lo/igvc_ws/devel/share/common-lisp/ros/sick_scan/msg/LIDoutputstateMsg.lisp
Symlinking /home/lo/igvc_ws/devel/share/common-lisp/ros/sick_scan/msg/RadarPreHeaderStatusBlock.lisp
Symlinking /home/lo/igvc_ws/devel/share/common-lisp/ros/sick_scan/msg/RadarPreHeader.lisp
Symlinking /home/lo/igvc_ws/devel/share/common-lisp/ros/sick_scan/msg/_package_RadarPreHeaderStatusBlock.lisp
Symlinking /home/lo/igvc_ws/devel/share/common-lisp/ros/sick_scan/msg/Encoder.lisp
Symlinking /home/lo/igvc_ws/devel/share/common-lisp/ros/sick_scan/msg/_package_LIDoutputstateMsg.lisp
Symlinking /home/lo/igvc_ws/devel/share/common-lisp/ros/sick_scan/msg/LFErecMsg.lisp
Symlinking /home/lo/igvc_ws/devel/share/common-lisp/ros/sick_scan/msg/_package_RadarPreHeaderDeviceBlock.lisp
Symlinking /home/lo/igvc_ws/devel/share/common-lisp/ros/sick_scan/msg/_package_LFErecFieldMsg.lisp
Symlinking /home/lo/igvc_ws/devel/share/common-lisp/ros/sick_scan/msg/LFErecFieldMsg.lisp
Symlinking /home/lo/igvc_ws/devel/share/common-lisp/ros/sick_scan/msg/RadarPreHeaderEncoderBlock.lisp
Symlinking /home/lo/igvc_ws/devel/share/common-lisp/ros/sick_scan/msg/_package_LFErecMsg.lisp
Symlinking /home/lo/igvc_ws/devel/share/common-lisp/ros/sick_scan/msg/_package_RadarObject.lisp
Symlinking /home/lo/igvc_ws/devel/share/common-lisp/ros/sick_scan/msg/RadarObject.lisp
Symlinking /home/lo/igvc_ws/devel/share/common-lisp/ros/sick_scan/msg/_package_RadarPreHeaderMeasurementParam1Block.lisp
Symlinking /home/lo/igvc_ws/devel/share/common-lisp/ros/sick_scan/msg/sick_scan-msg.asd
Symlinking /home/lo/igvc_ws/devel/share/common-lisp/ros/sick_scan/srv/_package_ECRChangeArrSrv.lisp
Symlinking /home/lo/igvc_ws/devel/share/common-lisp/ros/sick_scan/srv/_package.lisp
Symlinking /home/lo/igvc_ws/devel/share/common-lisp/ros/sick_scan/srv/ColaMsgSrv.lisp
Symlinking /home/lo/igvc_ws/devel/share/common-lisp/ros/sick_scan/srv/_package_LIDoutputstateSrv.lisp
Symlinking /home/lo/igvc_ws/devel/share/common-lisp/ros/sick_scan/srv/_package_ColaMsgSrv.lisp
Symlinking /home/lo/igvc_ws/devel/share/common-lisp/ros/sick_scan/srv/sick_scan-srv.asd
Symlinking /home/lo/igvc_ws/devel/share/common-lisp/ros/sick_scan/srv/LIDoutputstateSrv.lisp
Symlinking /home/lo/igvc_ws/devel/share/common-lisp/ros/sick_scan/srv/ECRChangeArrSrv.lisp
Symlinking /home/lo/igvc_ws/devel/include/sick_scan/ColaMsgSrvResponse.h
Symlinking /home/lo/igvc_ws/devel/include/sick_scan/SickScanConfig.h
Symlinking /home/lo/igvc_ws/devel/include/sick_scan/ECRChangeArrSrvRequest.h
Symlinking /home/lo/igvc_ws/devel/include/sick_scan/ECRChangeArrSrvResponse.h
Symlinking /home/lo/igvc_ws/devel/include/sick_scan/LFErecFieldMsg.h
Symlinking /home/lo/igvc_ws/devel/include/sick_scan/RadarPreHeader.h
Symlinking /home/lo/igvc_ws/devel/include/sick_scan/RadarPreHeaderStatusBlock.h
Symlinking /home/lo/igvc_ws/devel/include/sick_scan/Encoder.h
Symlinking /home/lo/igvc_ws/devel/include/sick_scan/LFErecMsg.h
Symlinking /home/lo/igvc_ws/devel/include/sick_scan/tf_dynConfig.h
Symlinking /home/lo/igvc_ws/devel/include/sick_scan/RadarPreHeaderMeasurementParam1Block.h
Symlinking /home/lo/igvc_ws/devel/include/sick_scan/RadarPreHeaderEncoderBlock.h
Symlinking /home/lo/igvc_ws/devel/include/sick_scan/LIDoutputstateSrv.h
Symlinking /home/lo/igvc_ws/devel/include/sick_scan/LIDoutputstateMsg.h
Symlinking /home/lo/igvc_ws/devel/include/sick_scan/SickImu.h
Symlinking /home/lo/igvc_ws/devel/include/sick_scan/LIDoutputstateSrvResponse.h
Symlinking /home/lo/igvc_ws/devel/include/sick_scan/ColaMsgSrv.h
Symlinking /home/lo/igvc_ws/devel/include/sick_scan/RadarPreHeaderDeviceBlock.h
Symlinking /home/lo/igvc_ws/devel/include/sick_scan/LIDoutputstateSrvRequest.h
Symlinking /home/lo/igvc_ws/devel/include/sick_scan/ColaMsgSrvRequest.h
Symlinking /home/lo/igvc_ws/devel/include/sick_scan/ECRChangeArrSrv.h
Symlinking /home/lo/igvc_ws/devel/include/sick_scan/RadarObject.h
Symlinking /home/lo/igvc_ws/devel/include/sick_scan/RadarScan.h
Symlinking /home/lo/igvc_ws/devel/lib/libsick_scan_lib.so
Symlinking /home/lo/igvc_ws/devel/lib/sick_scan/sick_generic_caller
Symlinking /home/lo/igvc_ws/devel/lib/sick_scan/sick_scan_test
Symlinking /home/lo/igvc_ws/devel/lib/sick_scan/radar_object_marker
Symlinking /home/lo/igvc_ws/devel/lib/python3/dist-packages/sick_scan/__init__.py
Symlinking /home/lo/igvc_ws/devel/lib/python3/dist-packages/sick_scan/msg/_LFErecFieldMsg.py
Symlinking /home/lo/igvc_ws/devel/lib/python3/dist-packages/sick_scan/msg/_SickImu.py
Symlinking /home/lo/igvc_ws/devel/lib/python3/dist-packages/sick_scan/msg/_RadarPreHeaderEncoderBlock.py
Symlinking /home/lo/igvc_ws/devel/lib/python3/dist-packages/sick_scan/msg/_RadarPreHeaderMeasurementParam1Block.py
Symlinking /home/lo/igvc_ws/devel/lib/python3/dist-packages/sick_scan/msg/_RadarPreHeaderStatusBlock.py
Symlinking /home/lo/igvc_ws/devel/lib/python3/dist-packages/sick_scan/msg/_LIDoutputstateMsg.py
Symlinking /home/lo/igvc_ws/devel/lib/python3/dist-packages/sick_scan/msg/_LFErecMsg.py
Symlinking /home/lo/igvc_ws/devel/lib/python3/dist-packages/sick_scan/msg/_RadarPreHeader.py
Symlinking /home/lo/igvc_ws/devel/lib/python3/dist-packages/sick_scan/msg/_RadarObject.py
Symlinking /home/lo/igvc_ws/devel/lib/python3/dist-packages/sick_scan/msg/__init__.py
Symlinking /home/lo/igvc_ws/devel/lib/python3/dist-packages/sick_scan/msg/_RadarPreHeaderDeviceBlock.py
Symlinking /home/lo/igvc_ws/devel/lib/python3/dist-packages/sick_scan/msg/_RadarScan.py
Symlinking /home/lo/igvc_ws/devel/lib/python3/dist-packages/sick_scan/msg/_Encoder.py
Symlinking /home/lo/igvc_ws/devel/lib/python3/dist-packages/sick_scan/cfg/SickScanConfig.py
Symlinking /home/lo/igvc_ws/devel/lib/python3/dist-packages/sick_scan/cfg/__init__.py
Symlinking /home/lo/igvc_ws/devel/lib/python3/dist-packages/sick_scan/cfg/tf_dynConfig.py
Symlinking /home/lo/igvc_ws/devel/lib/python3/dist-packages/sick_scan/srv/_LIDoutputstateSrv.py
Symlinking /home/lo/igvc_ws/devel/lib/python3/dist-packages/sick_scan/srv/_ECRChangeArrSrv.py
Symlinking /home/lo/igvc_ws/devel/lib/python3/dist-packages/sick_scan/srv/_ColaMsgSrv.py
Symlinking /home/lo/igvc_ws/devel/lib/python3/dist-packages/sick_scan/srv/__init__.py
Symlinking /home/lo/igvc_ws/devel/lib/pkgconfig/sick_scan.pc
